{"/Users/kaisunraj/repos/release-actions/src/create-pr.ts": {"path":"/Users/kaisunraj/repos/release-actions/src/create-pr.ts","statementMap":{"0":{"start":{"line":92,"column":2},"end":{"line":92,"column":5}},"1":{"start":{"line":93,"column":21},"end":{"line":93,"column":37}},"2":{"start":{"line":94,"column":23},"end":{"line":94,"column":41}},"3":{"start":{"line":1,"column":0},"end":{"line":1,"column":38}},"4":{"start":{"line":2,"column":0},"end":{"line":2,"column":42}},"5":{"start":{"line":4,"column":0},"end":{"line":4,"column":77}},"6":{"start":{"line":17,"column":32},"end":{"line":23,"column":4}},"7":{"start":{"line":25,"column":2},"end":{"line":30,"column":3}},"8":{"start":{"line":26,"column":21},"end":{"line":26,"column":35}},"9":{"start":{"line":27,"column":4},"end":{"line":29,"column":6}},"10":{"start":{"line":44,"column":23},"end":{"line":50,"column":4}},"11":{"start":{"line":51,"column":2},"end":{"line":51,"column":21}},"12":{"start":{"line":58,"column":16},"end":{"line":58,"column":65}},"13":{"start":{"line":59,"column":21},"end":{"line":59,"column":69}},"14":{"start":{"line":60,"column":23},"end":{"line":60,"column":73}},"15":{"start":{"line":62,"column":18},"end":{"line":62,"column":42}},"16":{"start":{"line":63,"column":26},"end":{"line":63,"column":45}},"17":{"start":{"line":66,"column":24},"end":{"line":66,"column":71}},"18":{"start":{"line":67,"column":2},"end":{"line":69,"column":3}},"19":{"start":{"line":68,"column":4},"end":{"line":68,"column":11}},"20":{"start":{"line":70,"column":21},"end":{"line":70,"column":56}},"21":{"start":{"line":73,"column":2},"end":{"line":73,"column":72}},"22":{"start":{"line":76,"column":18},"end":{"line":76,"column":63}},"23":{"start":{"line":78,"column":16},"end":{"line":84,"column":null}},"24":{"start":{"line":87,"column":2},"end":{"line":87,"column":46}},"25":{"start":{"line":88,"column":2},"end":{"line":88,"column":44}}},"fnMap":{"0":{"name":"checkExistingPr","decl":{"start":{"line":10,"column":15},"end":{"line":10,"column":30}},"loc":{"start":{"line":15,"column":20},"end":{"line":31,"column":null}}},"1":{"name":"createPullRequest","decl":{"start":{"line":36,"column":15},"end":{"line":36,"column":32}},"loc":{"start":{"line":42,"column":14},"end":{"line":52,"column":null}}},"2":{"name":"run","decl":{"start":{"line":57,"column":15},"end":{"line":57,"column":18}},"loc":{"start":{"line":57,"column":18},"end":{"line":89,"column":null}}}},"branchMap":{"0":{"loc":{"start":{"line":25,"column":2},"end":{"line":30,"column":3}},"type":"if","locations":[{"start":{"line":25,"column":2},"end":{"line":30,"column":3}}]},"1":{"loc":{"start":{"line":67,"column":2},"end":{"line":69,"column":3}},"type":"if","locations":[{"start":{"line":67,"column":2},"end":{"line":69,"column":3}}]}},"s":{"0":1,"1":1,"2":1,"3":1,"4":1,"5":1,"6":2,"7":2,"8":1,"9":1,"10":2,"11":2,"12":1,"13":1,"14":1,"15":1,"16":1,"17":1,"18":1,"19":0,"20":1,"21":1,"22":1,"23":1,"24":1,"25":1},"f":{"0":2,"1":2,"2":1},"b":{"0":[1],"1":[0]}}
,"/Users/kaisunraj/repos/release-actions/src/libs/git-utils.ts": {"path":"/Users/kaisunraj/repos/release-actions/src/libs/git-utils.ts","statementMap":{"0":{"start":{"line":8,"column":0},"end":{"line":8,"column":22}},"1":{"start":{"line":44,"column":0},"end":{"line":44,"column":16}},"2":{"start":{"line":1,"column":0},"end":{"line":1,"column":38}},"3":{"start":{"line":13,"column":19},"end":{"line":19,"column":4}},"4":{"start":{"line":22,"column":26},"end":{"line":23,"column":null}},"5":{"start":{"line":23,"column":4},"end":{"line":23,"column":50}},"6":{"start":{"line":26,"column":2},"end":{"line":29,"column":3}},"7":{"start":{"line":27,"column":4},"end":{"line":27,"column":83}},"8":{"start":{"line":28,"column":4},"end":{"line":28,"column":21}},"9":{"start":{"line":32,"column":29},"end":{"line":32,"column":91}},"10":{"start":{"line":32,"column":79},"end":{"line":32,"column":90}},"11":{"start":{"line":33,"column":2},"end":{"line":33,"column":28}},"12":{"start":{"line":35,"column":21},"end":{"line":35,"column":70}},"13":{"start":{"line":36,"column":2},"end":{"line":36,"column":49}},"14":{"start":{"line":37,"column":2},"end":{"line":37,"column":20}},"15":{"start":{"line":45,"column":16},"end":{"line":45,"column":64}},"16":{"start":{"line":46,"column":2},"end":{"line":46,"column":33}}},"fnMap":{"0":{"name":"getLatestReleaseTag","decl":{"start":{"line":8,"column":22},"end":{"line":8,"column":41}},"loc":{"start":{"line":11,"column":14},"end":{"line":38,"column":null}}},"1":{"name":"(anonymous_9)","decl":{"start":{"line":22,"column":47},"end":{"line":22,"column":48}},"loc":{"start":{"line":23,"column":4},"end":{"line":23,"column":50}}},"2":{"name":"(anonymous_10)","decl":{"start":{"line":32,"column":49},"end":{"line":32,"column":50}},"loc":{"start":{"line":32,"column":79},"end":{"line":32,"column":90}}},"3":{"name":"getTagFromBranchName","decl":{"start":{"line":44,"column":16},"end":{"line":44,"column":36}},"loc":{"start":{"line":44,"column":55},"end":{"line":47,"column":1}}}},"branchMap":{"0":{"loc":{"start":{"line":26,"column":2},"end":{"line":29,"column":3}},"type":"if","locations":[{"start":{"line":26,"column":2},"end":{"line":29,"column":3}}]},"1":{"loc":{"start":{"line":46,"column":9},"end":{"line":46,"column":32}},"type":"cond-expr","locations":[{"start":{"line":46,"column":17},"end":{"line":46,"column":25}},{"start":{"line":46,"column":28},"end":{"line":46,"column":32}}]}},"s":{"0":2,"1":2,"2":2,"3":2,"4":2,"5":9,"6":2,"7":1,"8":1,"9":1,"10":5,"11":1,"12":1,"13":1,"14":1,"15":5,"16":5},"f":{"0":2,"1":9,"2":5,"3":5},"b":{"0":[1],"1":[1,4]}}
}
