{"/Users/kaisunraj/repos/release-actions/src/create-pr.js": {"path":"/Users/kaisunraj/repos/release-actions/src/create-pr.js","statementMap":{"0":{"start":{"line":1,"column":13},"end":{"line":1,"column":37}},"1":{"start":{"line":2,"column":15},"end":{"line":2,"column":41}},"2":{"start":{"line":6,"column":4},"end":{"line":6,"column":31}},"3":{"start":{"line":14,"column":32},"end":{"line":20,"column":4}},"4":{"start":{"line":22,"column":2},"end":{"line":28,"column":3}},"5":{"start":{"line":23,"column":21},"end":{"line":23,"column":35}},"6":{"start":{"line":24,"column":4},"end":{"line":26,"column":6}},"7":{"start":{"line":27,"column":4},"end":{"line":27,"column":11}},"8":{"start":{"line":42,"column":23},"end":{"line":48,"column":4}},"9":{"start":{"line":49,"column":2},"end":{"line":49,"column":21}},"10":{"start":{"line":56,"column":16},"end":{"line":56,"column":65}},"11":{"start":{"line":57,"column":21},"end":{"line":57,"column":69}},"12":{"start":{"line":58,"column":23},"end":{"line":58,"column":73}},"13":{"start":{"line":60,"column":18},"end":{"line":60,"column":46}},"14":{"start":{"line":61,"column":26},"end":{"line":61,"column":45}},"15":{"start":{"line":64,"column":24},"end":{"line":64,"column":71}},"16":{"start":{"line":65,"column":21},"end":{"line":65,"column":56}},"17":{"start":{"line":68,"column":2},"end":{"line":68,"column":72}},"18":{"start":{"line":71,"column":18},"end":{"line":71,"column":63}},"19":{"start":{"line":73,"column":16},"end":{"line":80,"column":3}},"20":{"start":{"line":82,"column":2},"end":{"line":82,"column":46}},"21":{"start":{"line":83,"column":2},"end":{"line":83,"column":44}},"22":{"start":{"line":86,"column":0},"end":{"line":90,"column":2}}},"fnMap":{"0":{"name":"checkExistingPr","decl":{"start":{"line":12,"column":15},"end":{"line":12,"column":30}},"loc":{"start":{"line":12,"column":79},"end":{"line":29,"column":1}},"line":12},"1":{"name":"createPullRequest","decl":{"start":{"line":34,"column":15},"end":{"line":34,"column":32}},"loc":{"start":{"line":41,"column":2},"end":{"line":50,"column":1}},"line":41},"2":{"name":"run","decl":{"start":{"line":55,"column":15},"end":{"line":55,"column":18}},"loc":{"start":{"line":55,"column":21},"end":{"line":84,"column":1}},"line":55}},"branchMap":{"0":{"loc":{"start":{"line":22,"column":2},"end":{"line":28,"column":3}},"type":"if","locations":[{"start":{"line":22,"column":2},"end":{"line":28,"column":3}},{"start":{},"end":{}}],"line":22}},"s":{"0":1,"1":1,"2":1,"3":2,"4":2,"5":1,"6":1,"7":1,"8":2,"9":2,"10":1,"11":1,"12":1,"13":1,"14":1,"15":1,"16":1,"17":1,"18":1,"19":1,"20":1,"21":1,"22":1},"f":{"0":2,"1":2,"2":1},"b":{"0":[1,1]},"_coverageSchema":"1a1c01bbd47fc00a2c39e90264f33305004495a9","hash":"050b6a08cb75a4ddf74effb3188ecf6a0f301fe1"}
,"/Users/kaisunraj/repos/release-actions/src/create-release-notes.js": {"path":"/Users/kaisunraj/repos/release-actions/src/create-release-notes.js","statementMap":{},"fnMap":{},"branchMap":{},"s":{},"f":{},"b":{}}
,"/Users/kaisunraj/repos/release-actions/src/index.js": {"path":"/Users/kaisunraj/repos/release-actions/src/index.js","statementMap":{},"fnMap":{},"branchMap":{},"s":{},"f":{},"b":{}}
,"/Users/kaisunraj/repos/release-actions/src/libs/git-utils.js": {"path":"/Users/kaisunraj/repos/release-actions/src/libs/git-utils.js","statementMap":{"0":{"start":{"line":1,"column":13},"end":{"line":1,"column":37}},"1":{"start":{"line":10,"column":19},"end":{"line":16,"column":4}},"2":{"start":{"line":18,"column":26},"end":{"line":20,"column":3}},"3":{"start":{"line":19,"column":4},"end":{"line":19,"column":50}},"4":{"start":{"line":21,"column":2},"end":{"line":26,"column":3}},"5":{"start":{"line":22,"column":4},"end":{"line":24,"column":6}},"6":{"start":{"line":25,"column":4},"end":{"line":25,"column":11}},"7":{"start":{"line":28,"column":28},"end":{"line":28,"column":72}},"8":{"start":{"line":28,"column":60},"end":{"line":28,"column":71}},"9":{"start":{"line":29,"column":2},"end":{"line":29,"column":29}},"10":{"start":{"line":30,"column":2},"end":{"line":30,"column":67}},"11":{"start":{"line":31,"column":2},"end":{"line":31,"column":49}},"12":{"start":{"line":32,"column":2},"end":{"line":32,"column":20}},"13":{"start":{"line":40,"column":16},"end":{"line":40,"column":64}},"14":{"start":{"line":41,"column":2},"end":{"line":41,"column":33}},"15":{"start":{"line":44,"column":0},"end":{"line":47,"column":2}}},"fnMap":{"0":{"name":"getLatestReleaseTag","decl":{"start":{"line":8,"column":15},"end":{"line":8,"column":34}},"loc":{"start":{"line":8,"column":57},"end":{"line":33,"column":1}},"line":8},"1":{"name":"(anonymous_1)","decl":{"start":{"line":18,"column":47},"end":{"line":18,"column":48}},"loc":{"start":{"line":19,"column":4},"end":{"line":19,"column":50}},"line":19},"2":{"name":"(anonymous_2)","decl":{"start":{"line":28,"column":48},"end":{"line":28,"column":49}},"loc":{"start":{"line":28,"column":60},"end":{"line":28,"column":71}},"line":28},"3":{"name":"getTagFromBranchName","decl":{"start":{"line":39,"column":9},"end":{"line":39,"column":29}},"loc":{"start":{"line":39,"column":42},"end":{"line":42,"column":1}},"line":39}},"branchMap":{"0":{"loc":{"start":{"line":21,"column":2},"end":{"line":26,"column":3}},"type":"if","locations":[{"start":{"line":21,"column":2},"end":{"line":26,"column":3}},{"start":{},"end":{}}],"line":21},"1":{"loc":{"start":{"line":41,"column":9},"end":{"line":41,"column":32}},"type":"cond-expr","locations":[{"start":{"line":41,"column":17},"end":{"line":41,"column":25}},{"start":{"line":41,"column":28},"end":{"line":41,"column":32}}],"line":41}},"s":{"0":2,"1":3,"2":3,"3":16,"4":3,"5":1,"6":1,"7":2,"8":10,"9":2,"10":2,"11":2,"12":2,"13":6,"14":6,"15":2},"f":{"0":3,"1":16,"2":10,"3":6},"b":{"0":[1,2],"1":[2,4]},"_coverageSchema":"1a1c01bbd47fc00a2c39e90264f33305004495a9","hash":"4501f42c3053296c1127426b33e07076e0314860"}
}
