TN:
SF:src/create-pr.js
FN:12,checkExistingPr
FN:34,createPullRequest
FN:55,run
FNF:3
FNH:3
FNDA:2,checkExistingPr
FNDA:2,createPullRequest
FNDA:1,run
DA:1,1
DA:2,1
DA:6,1
DA:14,2
DA:22,2
DA:23,1
DA:24,1
DA:27,1
DA:42,2
DA:49,2
DA:56,1
DA:57,1
DA:58,1
DA:60,1
DA:61,1
DA:64,1
DA:65,1
DA:68,1
DA:71,1
DA:73,1
DA:82,1
DA:83,1
DA:86,1
LF:23
LH:23
BRDA:22,0,0,1
BRDA:22,0,1,1
BRF:2
BRH:2
end_of_record
TN:
SF:src/create-release-notes.js
FNF:0
FNH:0
LF:0
LH:0
BRF:0
BRH:0
end_of_record
TN:
SF:src/index.js
FNF:0
FNH:0
LF:0
LH:0
BRF:0
BRH:0
end_of_record
TN:
SF:src/libs/git-utils.js
FN:8,getLatestReleaseTag
FN:18,(anonymous_1)
FN:28,(anonymous_2)
FN:39,getTagFromBranchName
FNF:4
FNH:4
FNDA:3,getLatestReleaseTag
FNDA:16,(anonymous_1)
FNDA:10,(anonymous_2)
FNDA:6,getTagFromBranchName
DA:1,2
DA:10,3
DA:18,3
DA:19,16
DA:21,3
DA:22,1
DA:25,1
DA:28,10
DA:29,2
DA:30,2
DA:31,2
DA:32,2
DA:40,6
DA:41,6
DA:44,2
LF:15
LH:15
BRDA:21,0,0,1
BRDA:21,0,1,2
BRDA:41,1,0,2
BRDA:41,1,1,4
BRF:4
BRH:4
end_of_record
