TN:
SF:src/create-pr.ts
FN:10,checkExistingPr
FN:36,createPullRequest
FN:57,run
FNF:3
FNH:3
FNDA:2,checkExistingPr
FNDA:2,createPullRequest
FNDA:1,run
DA:1,1
DA:2,1
DA:4,1
DA:17,2
DA:25,2
DA:26,1
DA:27,1
DA:44,2
DA:51,2
DA:58,1
DA:59,1
DA:60,1
DA:62,1
DA:63,1
DA:66,1
DA:67,1
DA:68,0
DA:70,1
DA:73,1
DA:76,1
DA:78,1
DA:87,1
DA:88,1
DA:92,1
DA:93,1
DA:94,1
LF:26
LH:25
BRDA:25,0,0,1
BRDA:67,1,0,0
BRF:2
BRH:1
end_of_record
TN:
SF:src/libs/git-utils.ts
FN:8,getLatestReleaseTag
FN:22,(anonymous_9)
FN:32,(anonymous_10)
FN:44,getTagFromBranchName
FNF:4
FNH:4
FNDA:2,getLatestReleaseTag
FNDA:9,(anonymous_9)
FNDA:5,(anonymous_10)
FNDA:5,getTagFromBranchName
DA:1,2
DA:8,2
DA:13,2
DA:22,2
DA:23,9
DA:26,2
DA:27,1
DA:28,1
DA:32,5
DA:33,1
DA:35,1
DA:36,1
DA:37,1
DA:44,2
DA:45,5
DA:46,5
LF:16
LH:16
BRDA:26,0,0,1
BRDA:46,1,0,1
BRDA:46,1,1,4
BRF:3
BRH:3
end_of_record
